app/build/intermediates/manifest_merge_blame_file/debug/manifest-merger-blame-debug-report.txt
1<?xml version="1.0" encoding="utf-8"?>
2<manifest xmlns:android="http://schemas.android.com/apk/res/android"
3    package="com.example.webviewapp"
4    android:versionCode="1"
5    android:versionName="1.0" >
6
7    <uses-sdk
8        android:minSdkVersion="21"
8-->src\main\AndroidManifest.xml
9        android:targetSdkVersion="32" />
9-->src\main\AndroidManifest.xml
10
11    <uses-permission android:name="android.permission.INTERNET" />
11-->src\main\AndroidManifest.xml:6:5-67
11-->src\main\AndroidManifest.xml:6:22-64
12    <uses-permission android:name="android.permission.ACCESS_COARSE_LOCATION" />
12-->src\main\AndroidManifest.xml:10:5-81
12-->src\main\AndroidManifest.xml:10:22-78
13    <uses-permission android:name="android.permission.ACCESS_FINE_LOCATION" />
13-->src\main\AndroidManifest.xml:11:5-79
13-->src\main\AndroidManifest.xml:11:22-76
14    <uses-permission android:name="android.permission.ACCESS_BACKGROUND_LOCATION" />
14-->src\main\AndroidManifest.xml:12:5-85
14-->src\main\AndroidManifest.xml:12:22-82
15
16    <meta-data
16-->src\main\AndroidManifest.xml:13:5-67
17        android:name="CHANNEL"
17-->src\main\AndroidManifest.xml:13:16-38
18        android:value="standalone" />
18-->src\main\AndroidManifest.xml:13:39-65
19
20    <uses-permission android:name="android.permission.INTERNET" />
20-->src\main\AndroidManifest.xml:6:5-67
20-->src\main\AndroidManifest.xml:6:22-64
21    <uses-permission android:name="android.permission.ACCESS_NETWORK_STATE" />
21-->src\main\AndroidManifest.xml:17:5-79
21-->src\main\AndroidManifest.xml:17:22-76
22    <uses-permission android:name="android.permission.READ_PHONE_STATE" />
22-->src\main\AndroidManifest.xml:18:5-75
22-->src\main\AndroidManifest.xml:18:22-72
23    <uses-permission android:name="android.permission.ACCESS_WIFI_STATE" />
23-->src\main\AndroidManifest.xml:19:5-76
23-->src\main\AndroidManifest.xml:19:22-73
24
25    <queries>
25-->src\main\AndroidManifest.xml:21:5-24:15
26        <provider android:authorities="com.facebook.katana.provider.PlatformProvider" /> <!-- allows app to access Facebook app features -->
26-->src\main\AndroidManifest.xml:22:9-89
26-->src\main\AndroidManifest.xml:22:19-86
27        <provider android:authorities="com.facebook.orca.provider.PlatformProvider" /> <!-- allows sharing to Messenger app -->
27-->src\main\AndroidManifest.xml:22:9-89
27-->src\main\AndroidManifest.xml:22:19-86
28    </queries>
29
30    <!-- Create a unique permission for your app and use it so only your app can receive your OneSignal messages. -->
31    <permission
31-->[com.onesignal:OneSignal:4.7.0] AndroidManifest.xml:7:5-9:47
32        android:name="com.example.webviewapp.permission.C2D_MESSAGE"
32-->[com.onesignal:OneSignal:4.7.0] AndroidManifest.xml:8:9-63
33        android:protectionLevel="signature" />
33-->[com.onesignal:OneSignal:4.7.0] AndroidManifest.xml:9:9-44
34
35    <uses-permission android:name="com.example.webviewapp.permission.C2D_MESSAGE" /> <!-- c2dm RECEIVE are basic requirements for push messages through Google's FCM -->
35-->[com.onesignal:OneSignal:4.7.0] AndroidManifest.xml:11:5-79
35-->[com.onesignal:OneSignal:4.7.0] AndroidManifest.xml:11:22-76
36    <uses-permission android:name="com.google.android.c2dm.permission.RECEIVE" /> <!-- Required, makes sure notifications are delivered on time. -->
36-->[com.onesignal:OneSignal:4.7.0] AndroidManifest.xml:17:5-82
36-->[com.onesignal:OneSignal:4.7.0] AndroidManifest.xml:17:22-79
37    <uses-permission android:name="android.permission.WAKE_LOCK" />
37-->[com.onesignal:OneSignal:4.7.0] AndroidManifest.xml:18:5-68
37-->[com.onesignal:OneSignal:4.7.0] AndroidManifest.xml:18:22-65
38    <!--
39 Required so the device vibrates on receiving a push notification.
40         Vibration settings of the device still apply.
41    -->
42    <uses-permission android:name="android.permission.VIBRATE" />
42-->[com.onesignal:OneSignal:4.7.0] AndroidManifest.xml:23:5-66
42-->[com.onesignal:OneSignal:4.7.0] AndroidManifest.xml:23:22-63
43    <!--
44 Use to restore notifications the user hasn't interacted with.
45         They could be missed notifications if the user reboots their device if this isn't in place.
46    -->
47    <uses-permission android:name="android.permission.RECEIVE_BOOT_COMPLETED" /> <!-- START: ShortcutBadger -->
47-->[com.onesignal:OneSignal:4.7.0] AndroidManifest.xml:29:5-81
47-->[com.onesignal:OneSignal:4.7.0] AndroidManifest.xml:29:22-78
48    <!-- Samsung -->
49    <uses-permission android:name="com.sec.android.provider.badge.permission.READ" />
49-->[com.onesignal:OneSignal:4.7.0] AndroidManifest.xml:31:5-86
49-->[com.onesignal:OneSignal:4.7.0] AndroidManifest.xml:31:22-83
50    <uses-permission android:name="com.sec.android.provider.badge.permission.WRITE" /> <!-- HTC -->
50-->[com.onesignal:OneSignal:4.7.0] AndroidManifest.xml:32:5-87
50-->[com.onesignal:OneSignal:4.7.0] AndroidManifest.xml:32:22-84
51    <uses-permission android:name="com.htc.launcher.permission.READ_SETTINGS" />
51-->[com.onesignal:OneSignal:4.7.0] AndroidManifest.xml:33:5-81
51-->[com.onesignal:OneSignal:4.7.0] AndroidManifest.xml:33:22-78
52    <uses-permission android:name="com.htc.launcher.permission.UPDATE_SHORTCUT" /> <!-- Sony -->
52-->[com.onesignal:OneSignal:4.7.0] AndroidManifest.xml:34:5-83
52-->[com.onesignal:OneSignal:4.7.0] AndroidManifest.xml:34:22-80
53    <uses-permission android:name="com.sonyericsson.home.permission.BROADCAST_BADGE" />
53-->[com.onesignal:OneSignal:4.7.0] AndroidManifest.xml:35:5-88
53-->[com.onesignal:OneSignal:4.7.0] AndroidManifest.xml:35:22-85
54    <uses-permission android:name="com.sonymobile.home.permission.PROVIDER_INSERT_BADGE" /> <!-- Apex -->
54-->[com.onesignal:OneSignal:4.7.0] AndroidManifest.xml:36:5-92
54-->[com.onesignal:OneSignal:4.7.0] AndroidManifest.xml:36:22-89
55    <uses-permission android:name="com.anddoes.launcher.permission.UPDATE_COUNT" /> <!-- Solid -->
55-->[com.onesignal:OneSignal:4.7.0] AndroidManifest.xml:37:5-84
55-->[com.onesignal:OneSignal:4.7.0] AndroidManifest.xml:37:22-81
56    <uses-permission android:name="com.majeur.launcher.permission.UPDATE_BADGE" /> <!-- Huawei -->
56-->[com.onesignal:OneSignal:4.7.0] AndroidManifest.xml:38:5-83
56-->[com.onesignal:OneSignal:4.7.0] AndroidManifest.xml:38:22-80
57    <uses-permission android:name="com.huawei.android.launcher.permission.CHANGE_BADGE" />
57-->[com.onesignal:OneSignal:4.7.0] AndroidManifest.xml:39:5-91
57-->[com.onesignal:OneSignal:4.7.0] AndroidManifest.xml:39:22-88
58    <uses-permission android:name="com.huawei.android.launcher.permission.READ_SETTINGS" />
58-->[com.onesignal:OneSignal:4.7.0] AndroidManifest.xml:40:5-92
58-->[com.onesignal:OneSignal:4.7.0] AndroidManifest.xml:40:22-89
59    <uses-permission android:name="com.huawei.android.launcher.permission.WRITE_SETTINGS" /> <!-- ZUK -->
59-->[com.onesignal:OneSignal:4.7.0] AndroidManifest.xml:41:5-93
59-->[com.onesignal:OneSignal:4.7.0] AndroidManifest.xml:41:22-90
60    <uses-permission android:name="android.permission.READ_APP_BADGE" /> <!-- OPPO -->
60-->[com.onesignal:OneSignal:4.7.0] AndroidManifest.xml:42:5-73
60-->[com.onesignal:OneSignal:4.7.0] AndroidManifest.xml:42:22-70
61    <uses-permission android:name="com.oppo.launcher.permission.READ_SETTINGS" />
61-->[com.onesignal:OneSignal:4.7.0] AndroidManifest.xml:43:5-82
61-->[com.onesignal:OneSignal:4.7.0] AndroidManifest.xml:43:22-79
62    <uses-permission android:name="com.oppo.launcher.permission.WRITE_SETTINGS" /> <!-- EvMe -->
62-->[com.onesignal:OneSignal:4.7.0] AndroidManifest.xml:44:5-83
62-->[com.onesignal:OneSignal:4.7.0] AndroidManifest.xml:44:22-80
63    <uses-permission android:name="me.everything.badger.permission.BADGE_COUNT_READ" />
63-->[com.onesignal:OneSignal:4.7.0] AndroidManifest.xml:45:5-88
63-->[com.onesignal:OneSignal:4.7.0] AndroidManifest.xml:45:22-85
64    <uses-permission android:name="me.everything.badger.permission.BADGE_COUNT_WRITE" />
64-->[com.onesignal:OneSignal:4.7.0] AndroidManifest.xml:46:5-89
64-->[com.onesignal:OneSignal:4.7.0] AndroidManifest.xml:46:22-86
65    <uses-permission android:name="android.permission.FOREGROUND_SERVICE" />
65-->[androidx.work:work-runtime:2.7.1] AndroidManifest.xml:28:5-77
65-->[androidx.work:work-runtime:2.7.1] AndroidManifest.xml:28:22-74
66    <uses-permission android:name="com.google.android.finsky.permission.BIND_GET_INSTALL_REFERRER_SERVICE" />
66-->[com.android.installreferrer:installreferrer:1.0] AndroidManifest.xml:9:5-110
66-->[com.android.installreferrer:installreferrer:1.0] AndroidManifest.xml:9:22-107
67
68    <application
68-->src\main\AndroidManifest.xml:26:5-92:19
69        android:allowBackup="true"
69-->src\main\AndroidManifest.xml:27:9-35
70        android:appComponentFactory="androidx.core.app.CoreComponentFactory"
70-->[androidx.core:core:1.7.0] AndroidManifest.xml:24:18-86
71        android:debuggable="true"
72        android:fullBackupContent="@xml/appsflyer_backup_rules"
72-->[com.appsflyer:af-android-sdk:6.3.2] AndroidManifest.xml:16:18-73
73        android:icon="@mipmap/ic_launcher"
73-->src\main\AndroidManifest.xml:28:9-43
74        android:label="@string/app_name"
74-->src\main\AndroidManifest.xml:29:9-41
75        android:roundIcon="@mipmap/ic_launcher_round"
75-->src\main\AndroidManifest.xml:30:9-54
76        android:supportsRtl="true"
76-->src\main\AndroidManifest.xml:31:9-35
77        android:testOnly="true"
78        android:theme="@style/Theme.WebViewApp"
78-->src\main\AndroidManifest.xml:32:9-48
79        android:windowSoftInputMode="stateHidden" >
79-->src\main\AndroidManifest.xml:33:9-50
80        <activity
80-->src\main\AndroidManifest.xml:34:9-42:20
81            android:name="com.example.webviewappa.SplashActivity"
81-->src\main\AndroidManifest.xml:35:13-43
82            android:exported="true" >
82-->src\main\AndroidManifest.xml:36:13-36
83            <intent-filter>
83-->src\main\AndroidManifest.xml:37:13-41:29
84                <action android:name="android.intent.action.MAIN" />
84-->src\main\AndroidManifest.xml:38:17-69
84-->src\main\AndroidManifest.xml:38:25-66
85
86                <category android:name="android.intent.category.LAUNCHER" />
86-->src\main\AndroidManifest.xml:40:17-77
86-->src\main\AndroidManifest.xml:40:27-74
87            </intent-filter>
88        </activity>
89        <activity
89-->src\main\AndroidManifest.xml:43:9-45:40
90            android:name="com.example.webviewappa.Game.FaqActivity"
90-->src\main\AndroidManifest.xml:44:13-45
91            android:exported="false" />
91-->src\main\AndroidManifest.xml:45:13-37
92        <activity
92-->src\main\AndroidManifest.xml:46:9-48:40
93            android:name="com.example.webviewappa.Game.MultiPlayerActivity"
93-->src\main\AndroidManifest.xml:47:13-53
94            android:exported="false" />
94-->src\main\AndroidManifest.xml:48:13-37
95        <activity
95-->src\main\AndroidManifest.xml:49:9-51:40
96            android:name="com.example.webviewappa.Game.SinglePlayerActivity"
96-->src\main\AndroidManifest.xml:50:13-54
97            android:exported="false" />
97-->src\main\AndroidManifest.xml:51:13-37
98        <activity
98-->src\main\AndroidManifest.xml:52:9-54:40
99            android:name="com.example.webviewappa.Game.UsersActivity"
99-->src\main\AndroidManifest.xml:53:13-47
100            android:exported="false" />
100-->src\main\AndroidManifest.xml:54:13-37
101        <activity
101-->src\main\AndroidManifest.xml:55:9-57:40
102            android:name="com.example.webviewappa.GameActivity"
102-->src\main\AndroidManifest.xml:56:13-41
103            android:exported="false" />
103-->src\main\AndroidManifest.xml:57:13-37
104        <activity
104-->src\main\AndroidManifest.xml:58:9-60:40
105            android:name="com.example.webviewappa.BrowserActivity"
105-->src\main\AndroidManifest.xml:59:13-44
106            android:exported="false" />
106-->src\main\AndroidManifest.xml:60:13-37
107        <activity
107-->src\main\AndroidManifest.xml:61:9-63:40
108            android:name="com.example.webviewappa.Game.SettingsActivity"
108-->src\main\AndroidManifest.xml:62:13-50
109            android:exported="false" />
109-->src\main\AndroidManifest.xml:63:13-37
110        <activity
110-->src\main\AndroidManifest.xml:64:9-67:20
111            android:name="com.example.webviewappa.AuthActivity"
111-->src\main\AndroidManifest.xml:65:13-41
112            android:exported="false" >
112-->src\main\AndroidManifest.xml:66:13-37
113        </activity>
114        <activity android:name="com.example.webviewappa.MainActivity" />
114-->src\main\AndroidManifest.xml:68:9-50
114-->src\main\AndroidManifest.xml:68:19-47
115        <activity
115-->src\main\AndroidManifest.xml:69:9-72:48
116            android:name="com.facebook.FacebookActivity"
116-->src\main\AndroidManifest.xml:70:13-57
117            android:configChanges="keyboard|keyboardHidden|screenLayout|screenSize|orientation"
117-->src\main\AndroidManifest.xml:71:13-96
118            android:label="@string/app_name"
118-->src\main\AndroidManifest.xml:72:13-45
119            android:theme="@style/com_facebook_activity_theme" />
119-->[com.facebook.android:facebook-common:13.1.0] AndroidManifest.xml:33:13-63
120        <activity
120-->src\main\AndroidManifest.xml:73:9-84:20
121            android:name="com.facebook.CustomTabActivity"
121-->src\main\AndroidManifest.xml:74:13-58
122            android:exported="true" >
122-->src\main\AndroidManifest.xml:75:13-36
123            <intent-filter>
123-->src\main\AndroidManifest.xml:76:13-83:29
124                <action android:name="android.intent.action.VIEW" />
124-->src\main\AndroidManifest.xml:77:17-69
124-->src\main\AndroidManifest.xml:77:25-66
125
126                <category android:name="android.intent.category.DEFAULT" />
126-->src\main\AndroidManifest.xml:79:17-76
126-->src\main\AndroidManifest.xml:79:27-73
127                <category android:name="android.intent.category.BROWSABLE" />
127-->src\main\AndroidManifest.xml:80:17-78
127-->src\main\AndroidManifest.xml:80:27-75
128
129                <data android:scheme="@string/fb_login_protocol_scheme" />
129-->src\main\AndroidManifest.xml:82:17-75
129-->src\main\AndroidManifest.xml:82:23-72
130            </intent-filter>
131            <intent-filter>
131-->[com.facebook.android:facebook-common:13.1.0] AndroidManifest.xml:39:13-48:29
132                <action android:name="android.intent.action.VIEW" />
132-->src\main\AndroidManifest.xml:77:17-69
132-->src\main\AndroidManifest.xml:77:25-66
133
134                <category android:name="android.intent.category.DEFAULT" />
134-->src\main\AndroidManifest.xml:79:17-76
134-->src\main\AndroidManifest.xml:79:27-73
135                <category android:name="android.intent.category.BROWSABLE" />
135-->src\main\AndroidManifest.xml:80:17-78
135-->src\main\AndroidManifest.xml:80:27-75
136
137                <data
137-->src\main\AndroidManifest.xml:82:17-75
138                    android:host="cct.com.example.webviewapp"
139                    android:scheme="fbconnect" />
139-->src\main\AndroidManifest.xml:82:23-72
140            </intent-filter>
141        </activity>
142
143        <meta-data
143-->src\main\AndroidManifest.xml:86:9-88:55
144            android:name="com.facebook.sdk.ApplicationId"
144-->src\main\AndroidManifest.xml:87:13-58
145            android:value="@string/facebook_app_id" />
145-->src\main\AndroidManifest.xml:88:13-52
146        <meta-data
146-->src\main\AndroidManifest.xml:89:9-91:61
147            android:name="com.facebook.sdk.ClientToken"
147-->src\main\AndroidManifest.xml:90:13-56
148            android:value="@string/facebook_client_token" />
148-->src\main\AndroidManifest.xml:91:13-58
149
150        <receiver
150-->[com.onesignal:OneSignal:4.7.0] AndroidManifest.xml:49:9-60:20
151            android:name="com.onesignal.FCMBroadcastReceiver"
151-->[com.onesignal:OneSignal:4.7.0] AndroidManifest.xml:50:13-62
152            android:exported="true"
152-->[com.onesignal:OneSignal:4.7.0] AndroidManifest.xml:51:13-36
153            android:permission="com.google.android.c2dm.permission.SEND" >
153-->[com.onesignal:OneSignal:4.7.0] AndroidManifest.xml:52:13-73
154
155            <!-- High priority so OneSignal payloads can be filtered from other FCM receivers -->
156            <intent-filter android:priority="999" >
156-->[com.onesignal:OneSignal:4.7.0] AndroidManifest.xml:55:13-59:29
156-->[com.onesignal:OneSignal:4.7.0] AndroidManifest.xml:55:28-50
157                <action android:name="com.google.android.c2dm.intent.RECEIVE" />
157-->[com.onesignal:OneSignal:4.7.0] AndroidManifest.xml:56:17-81
157-->[com.onesignal:OneSignal:4.7.0] AndroidManifest.xml:56:25-78
158
159                <category android:name="com.example.webviewapp" />
159-->[com.onesignal:OneSignal:4.7.0] AndroidManifest.xml:58:17-61
159-->[com.onesignal:OneSignal:4.7.0] AndroidManifest.xml:58:27-58
160            </intent-filter>
161        </receiver>
162
163        <service
163-->[com.onesignal:OneSignal:4.7.0] AndroidManifest.xml:62:9-68:19
164            android:name="com.onesignal.HmsMessageServiceOneSignal"
164-->[com.onesignal:OneSignal:4.7.0] AndroidManifest.xml:63:13-68
165            android:exported="false" >
165-->[com.onesignal:OneSignal:4.7.0] AndroidManifest.xml:64:13-37
166            <intent-filter>
166-->[com.onesignal:OneSignal:4.7.0] AndroidManifest.xml:65:13-67:29
167                <action android:name="com.huawei.push.action.MESSAGING_EVENT" />
167-->[com.onesignal:OneSignal:4.7.0] AndroidManifest.xml:66:17-81
167-->[com.onesignal:OneSignal:4.7.0] AndroidManifest.xml:66:25-78
168            </intent-filter>
169        </service>
170
171        <activity
171-->[com.onesignal:OneSignal:4.7.0] AndroidManifest.xml:70:9-78:20
172            android:name="com.onesignal.NotificationOpenedActivityHMS"
172-->[com.onesignal:OneSignal:4.7.0] AndroidManifest.xml:71:13-71
173            android:exported="true"
173-->[com.onesignal:OneSignal:4.7.0] AndroidManifest.xml:72:13-36
174            android:noHistory="true"
174-->[com.onesignal:OneSignal:4.7.0] AndroidManifest.xml:73:13-37
175            android:theme="@android:style/Theme.Translucent.NoTitleBar" >
175-->[com.onesignal:OneSignal:4.7.0] AndroidManifest.xml:74:13-72
176            <intent-filter>
176-->[com.onesignal:OneSignal:4.7.0] AndroidManifest.xml:75:13-77:29
177                <action android:name="android.intent.action.VIEW" />
177-->src\main\AndroidManifest.xml:77:17-69
177-->src\main\AndroidManifest.xml:77:25-66
178            </intent-filter>
179        </activity>
180
181        <service
181-->[com.onesignal:OneSignal:4.7.0] AndroidManifest.xml:80:9-82:40
182            android:name="com.onesignal.FCMIntentService"
182-->[com.onesignal:OneSignal:4.7.0] AndroidManifest.xml:81:13-58
183            android:exported="false" />
183-->[com.onesignal:OneSignal:4.7.0] AndroidManifest.xml:82:13-37
184        <service
184-->[com.onesignal:OneSignal:4.7.0] AndroidManifest.xml:83:9-86:72
185            android:name="com.onesignal.FCMIntentJobService"
185-->[com.onesignal:OneSignal:4.7.0] AndroidManifest.xml:84:13-61
186            android:exported="false"
186-->[com.onesignal:OneSignal:4.7.0] AndroidManifest.xml:85:13-37
187            android:permission="android.permission.BIND_JOB_SERVICE" />
187-->[com.onesignal:OneSignal:4.7.0] AndroidManifest.xml:86:13-69
188        <service
188-->[com.onesignal:OneSignal:4.7.0] AndroidManifest.xml:87:9-90:43
189            android:name="com.onesignal.SyncService"
189-->[com.onesignal:OneSignal:4.7.0] AndroidManifest.xml:88:13-53
190            android:exported="false"
190-->[com.onesignal:OneSignal:4.7.0] AndroidManifest.xml:89:13-37
191            android:stopWithTask="true" />
191-->[com.onesignal:OneSignal:4.7.0] AndroidManifest.xml:90:13-40
192        <service
192-->[com.onesignal:OneSignal:4.7.0] AndroidManifest.xml:91:9-94:72
193            android:name="com.onesignal.SyncJobService"
193-->[com.onesignal:OneSignal:4.7.0] AndroidManifest.xml:92:13-56
194            android:exported="false"
194-->[com.onesignal:OneSignal:4.7.0] AndroidManifest.xml:93:13-37
195            android:permission="android.permission.BIND_JOB_SERVICE" />
195-->[com.onesignal:OneSignal:4.7.0] AndroidManifest.xml:94:13-69
196
197        <activity
197-->[com.onesignal:OneSignal:4.7.0] AndroidManifest.xml:96:9-99:75
198            android:name="com.onesignal.PermissionsActivity"
198-->[com.onesignal:OneSignal:4.7.0] AndroidManifest.xml:97:13-61
199            android:exported="false"
199-->[com.onesignal:OneSignal:4.7.0] AndroidManifest.xml:98:13-37
200            android:theme="@android:style/Theme.Translucent.NoTitleBar" />
200-->[com.onesignal:OneSignal:4.7.0] AndroidManifest.xml:99:13-72
201
202        <receiver
202-->[com.onesignal:OneSignal:4.7.0] AndroidManifest.xml:101:9-103:39
203            android:name="com.onesignal.NotificationDismissReceiver"
203-->[com.onesignal:OneSignal:4.7.0] AndroidManifest.xml:102:13-69
204            android:exported="true" />
204-->[com.onesignal:OneSignal:4.7.0] AndroidManifest.xml:103:13-36
205        <receiver
205-->[com.onesignal:OneSignal:4.7.0] AndroidManifest.xml:104:9-111:20
206            android:name="com.onesignal.BootUpReceiver"
206-->[com.onesignal:OneSignal:4.7.0] AndroidManifest.xml:105:13-56
207            android:exported="true" >
207-->[com.onesignal:OneSignal:4.7.0] AndroidManifest.xml:106:13-36
208            <intent-filter>
208-->[com.onesignal:OneSignal:4.7.0] AndroidManifest.xml:107:13-110:29
209                <action android:name="android.intent.action.BOOT_COMPLETED" />
209-->[com.onesignal:OneSignal:4.7.0] AndroidManifest.xml:108:17-79
209-->[com.onesignal:OneSignal:4.7.0] AndroidManifest.xml:108:25-76
210                <action android:name="android.intent.action.QUICKBOOT_POWERON" />
210-->[com.onesignal:OneSignal:4.7.0] AndroidManifest.xml:109:17-82
210-->[com.onesignal:OneSignal:4.7.0] AndroidManifest.xml:109:25-79
211            </intent-filter>
212        </receiver>
213        <receiver
213-->[com.onesignal:OneSignal:4.7.0] AndroidManifest.xml:112:9-118:20
214            android:name="com.onesignal.UpgradeReceiver"
214-->[com.onesignal:OneSignal:4.7.0] AndroidManifest.xml:113:13-57
215            android:exported="true" >
215-->[com.onesignal:OneSignal:4.7.0] AndroidManifest.xml:114:13-36
216            <intent-filter>
216-->[com.onesignal:OneSignal:4.7.0] AndroidManifest.xml:115:13-117:29
217                <action android:name="android.intent.action.MY_PACKAGE_REPLACED" />
217-->[com.onesignal:OneSignal:4.7.0] AndroidManifest.xml:116:17-84
217-->[com.onesignal:OneSignal:4.7.0] AndroidManifest.xml:116:25-81
218            </intent-filter>
219        </receiver>
220
221        <activity
221-->[com.onesignal:OneSignal:4.7.0] AndroidManifest.xml:120:9-126:75
222            android:name="com.onesignal.NotificationOpenedReceiver"
222-->[com.onesignal:OneSignal:4.7.0] AndroidManifest.xml:121:13-68
223            android:excludeFromRecents="true"
223-->[com.onesignal:OneSignal:4.7.0] AndroidManifest.xml:122:13-46
224            android:exported="true"
224-->[com.onesignal:OneSignal:4.7.0] AndroidManifest.xml:123:13-36
225            android:noHistory="true"
225-->[com.onesignal:OneSignal:4.7.0] AndroidManifest.xml:124:13-37
226            android:taskAffinity=""
226-->[com.onesignal:OneSignal:4.7.0] AndroidManifest.xml:125:13-36
227            android:theme="@android:style/Theme.Translucent.NoTitleBar" />
227-->[com.onesignal:OneSignal:4.7.0] AndroidManifest.xml:126:13-72
228        <activity
228-->[com.onesignal:OneSignal:4.7.0] AndroidManifest.xml:127:9-132:75
229            android:name="com.onesignal.NotificationOpenedReceiverAndroid22AndOlder"
229-->[com.onesignal:OneSignal:4.7.0] AndroidManifest.xml:128:13-85
230            android:excludeFromRecents="true"
230-->[com.onesignal:OneSignal:4.7.0] AndroidManifest.xml:129:13-46
231            android:exported="true"
231-->[com.onesignal:OneSignal:4.7.0] AndroidManifest.xml:130:13-36
232            android:noHistory="true"
232-->[com.onesignal:OneSignal:4.7.0] AndroidManifest.xml:131:13-37
233            android:theme="@android:style/Theme.Translucent.NoTitleBar" />
233-->[com.onesignal:OneSignal:4.7.0] AndroidManifest.xml:132:13-72
234        <activity android:name="com.facebook.CustomTabMainActivity" />
234-->[com.facebook.android:facebook-common:13.1.0] AndroidManifest.xml:34:9-71
234-->[com.facebook.android:facebook-common:13.1.0] AndroidManifest.xml:34:19-68
235        <!--
236             FirebaseMessagingService performs security checks at runtime,
237             but set to not exported to explicitly avoid allowing another app to call it.
238        -->
239        <service
239-->[com.google.firebase:firebase-messaging:19.0.0] AndroidManifest.xml:28:9-34:19
240            android:name="com.google.firebase.messaging.FirebaseMessagingService"
240-->[com.google.firebase:firebase-messaging:19.0.0] AndroidManifest.xml:29:13-82
241            android:exported="false" >
241-->[com.google.firebase:firebase-messaging:19.0.0] AndroidManifest.xml:30:13-37
242            <intent-filter android:priority="-500" >
242-->[com.google.firebase:firebase-messaging:19.0.0] AndroidManifest.xml:31:13-33:29
242-->[com.google.firebase:firebase-messaging:19.0.0] AndroidManifest.xml:31:28-51
243                <action android:name="com.google.firebase.MESSAGING_EVENT" />
243-->[com.google.firebase:firebase-messaging:19.0.0] AndroidManifest.xml:32:17-78
243-->[com.google.firebase:firebase-messaging:19.0.0] AndroidManifest.xml:32:25-75
244            </intent-filter>
245        </service>
246        <service
246-->[com.google.firebase:firebase-iid:19.0.0] AndroidManifest.xml:29:9-35:19
247            android:name="com.google.firebase.components.ComponentDiscoveryService"
247-->[com.google.firebase:firebase-iid:19.0.0] AndroidManifest.xml:30:13-84
248            android:exported="false" >
248-->[com.google.firebase:firebase-iid:19.0.0] AndroidManifest.xml:31:13-37
249            <meta-data
249-->[com.google.firebase:firebase-iid:19.0.0] AndroidManifest.xml:32:13-34:85
250                android:name="com.google.firebase.components:com.google.firebase.iid.Registrar"
250-->[com.google.firebase:firebase-iid:19.0.0] AndroidManifest.xml:33:17-96
251                android:value="com.google.firebase.components.ComponentRegistrar" />
251-->[com.google.firebase:firebase-iid:19.0.0] AndroidManifest.xml:34:17-82
252        </service>
253
254        <receiver
254-->[com.google.firebase:firebase-iid:19.0.0] AndroidManifest.xml:37:9-44:20
255            android:name="com.google.firebase.iid.FirebaseInstanceIdReceiver"
255-->[com.google.firebase:firebase-iid:19.0.0] AndroidManifest.xml:38:13-78
256            android:exported="true"
256-->[com.google.firebase:firebase-iid:19.0.0] AndroidManifest.xml:39:13-36
257            android:permission="com.google.android.c2dm.permission.SEND" >
257-->[com.google.firebase:firebase-iid:19.0.0] AndroidManifest.xml:40:13-73
258            <intent-filter>
258-->[com.google.firebase:firebase-iid:19.0.0] AndroidManifest.xml:41:13-43:29
259                <action android:name="com.google.android.c2dm.intent.RECEIVE" />
259-->[com.onesignal:OneSignal:4.7.0] AndroidManifest.xml:56:17-81
259-->[com.onesignal:OneSignal:4.7.0] AndroidManifest.xml:56:25-78
260            </intent-filter>
261        </receiver>
262
263        <activity
263-->[com.google.android.gms:play-services-base:17.0.0] AndroidManifest.xml:23:9-26:75
264            android:name="com.google.android.gms.common.api.GoogleApiActivity"
264-->[com.google.android.gms:play-services-base:17.0.0] AndroidManifest.xml:24:13-79
265            android:exported="false"
265-->[com.google.android.gms:play-services-base:17.0.0] AndroidManifest.xml:25:13-37
266            android:theme="@android:style/Theme.Translucent.NoTitleBar" />
266-->[com.google.android.gms:play-services-base:17.0.0] AndroidManifest.xml:26:13-72
267
268        <provider
268-->[com.google.firebase:firebase-common:18.0.0] AndroidManifest.xml:12:9-16:39
269            android:name="com.google.firebase.provider.FirebaseInitProvider"
269-->[com.google.firebase:firebase-common:18.0.0] AndroidManifest.xml:13:13-77
270            android:authorities="com.example.webviewapp.firebaseinitprovider"
270-->[com.google.firebase:firebase-common:18.0.0] AndroidManifest.xml:14:13-72
271            android:exported="false"
271-->[com.google.firebase:firebase-common:18.0.0] AndroidManifest.xml:15:13-37
272            android:initOrder="100" />
272-->[com.google.firebase:firebase-common:18.0.0] AndroidManifest.xml:16:13-36
273
274        <meta-data
274-->[com.google.android.gms:play-services-basement:17.0.0] AndroidManifest.xml:23:9-25:69
275            android:name="com.google.android.gms.version"
275-->[com.google.android.gms:play-services-basement:17.0.0] AndroidManifest.xml:24:13-58
276            android:value="@integer/google_play_services_version" />
276-->[com.google.android.gms:play-services-basement:17.0.0] AndroidManifest.xml:25:13-66
277
278        <provider
278-->[androidx.emoji2:emoji2:1.0.0] AndroidManifest.xml:26:9-34:20
279            android:name="androidx.startup.InitializationProvider"
279-->[androidx.emoji2:emoji2:1.0.0] AndroidManifest.xml:27:13-67
280            android:authorities="com.example.webviewapp.androidx-startup"
280-->[androidx.emoji2:emoji2:1.0.0] AndroidManifest.xml:28:13-68
281            android:exported="false" >
281-->[androidx.emoji2:emoji2:1.0.0] AndroidManifest.xml:29:13-37
282            <meta-data
282-->[androidx.emoji2:emoji2:1.0.0] AndroidManifest.xml:31:13-33:52
283                android:name="androidx.emoji2.text.EmojiCompatInitializer"
283-->[androidx.emoji2:emoji2:1.0.0] AndroidManifest.xml:32:17-75
284                android:value="androidx.startup" />
284-->[androidx.emoji2:emoji2:1.0.0] AndroidManifest.xml:33:17-49
285            <meta-data